<?xml version="1.0" encoding="UTF-8"?>
<!-- Generated by org.testng.reporters.JUnitReportReporter -->
<testsuite hostname="LAPTOP-8NO3AAUC" failures="0" tests="1" name="com.google.pac.TC0018_DataDriven_Excel" time="101.920" errors="0" timestamp="2023-12-27T11:15:55 IST" skipped="0">
  <testcase classname="com.google.pac.TC0018_DataDriven_Excel" name="login" time="101.920"/>
</testsuite> <!-- com.google.pac.TC0018_DataDriven_Excel -->
