<?xml version="1.0" encoding="UTF-8"?>
<!-- Generated by org.testng.reporters.JUnitReportReporter -->
<testsuite hostname="LAPTOP-8NO3AAUC" failures="0" tests="1" name="com.google.pac.TC019_ExtentReports" time="8.923" errors="0" timestamp="2023-08-29T10:19:47 IST" skipped="0">
  <testcase classname="com.google.pac.TC019_ExtentReports" name="extentrport" time="8.923"/>
</testsuite> <!-- com.google.pac.TC019_ExtentReports -->
