<?xml version="1.0" encoding="UTF-8"?>
<!-- Generated by org.testng.reporters.JUnitReportReporter -->
<testsuite hostname="LAPTOP-8NO3AAUC" failures="0" tests="1" name="com.google.pac.TC0018_DataDriven_csv" time="18.313" errors="0" timestamp="2023-08-23T11:09:22 IST" skipped="0">
  <testcase classname="com.google.pac.TC0018_DataDriven_csv" name="login" time="18.313"/>
</testsuite> <!-- com.google.pac.TC0018_DataDriven_csv -->
