<?xml version="1.0" encoding="UTF-8"?>
<!-- Generated by org.testng.reporters.JUnitReportReporter -->
<testsuite hostname="LAPTOP-8NO3AAUC" failures="0" tests="1" name="com.google.pac.TC001_GoogleSearch_TestNG" time="32.537" errors="0" timestamp="2023-08-18T16:22:55 IST" skipped="0">
  <testcase classname="com.google.pac.TC001_GoogleSearch_TestNG" name="googlesearch" time="32.537"/>
</testsuite> <!-- com.google.pac.TC001_GoogleSearch_TestNG -->
