<?xml version="1.0" encoding="UTF-8"?>
<!-- Generated by org.testng.reporters.JUnitReportReporter -->
<testsuite hostname="LAPTOP-8NO3AAUC" failures="0" tests="3" name="com.google.pac.TC0017_TestNG" time="0.042" errors="0" timestamp="2023-08-25T11:20:17 IST" skipped="0">
  <testcase classname="com.google.pac.TC0017_TestNG" name="f" time="0.003"/>
  <testcase classname="com.google.pac.TC0017_TestNG" name="f" time="0.007"/>
  <testcase classname="com.google.pac.TC0017_TestNG" name="f" time="0.032"/>
</testsuite> <!-- com.google.pac.TC0017_TestNG -->
