<?xml version="1.0" encoding="UTF-8"?>
<!-- Generated by org.testng.reporters.JUnitReportReporter -->
<testsuite hostname="LAPTOP-8NO3AAUC" failures="0" tests="1" name="com.google.pac.NewTest" time="18.393" errors="0" timestamp="2023-12-27T11:32:33 IST" skipped="0">
  <testcase classname="com.google.pac.NewTest" name="f" time="18.393"/>
</testsuite> <!-- com.google.pac.NewTest -->
