<?xml version="1.0" encoding="UTF-8"?>
<!-- Generated by org.testng.reporters.JUnitReportReporter -->
<testsuite hostname="LAPTOP-8NO3AAUC" failures="0" tests="3" name="com.google.pac.TC0018_DataDriven_PageObjectModel" time="33.312" errors="0" timestamp="2023-08-23T12:31:02 IST" skipped="0">
  <testcase classname="com.google.pac.TC0018_DataDriven_PageObjectModel" name="login" time="14.052"/>
  <testcase classname="com.google.pac.TC0018_DataDriven_PageObjectModel" name="login" time="9.033"/>
  <testcase classname="com.google.pac.TC0018_DataDriven_PageObjectModel" name="login" time="10.227"/>
</testsuite> <!-- com.google.pac.TC0018_DataDriven_PageObjectModel -->
