<?xml version="1.0" encoding="UTF-8"?>
<!-- Generated by org.testng.reporters.JUnitReportReporter -->
<testsuite hostname="LAPTOP-8NO3AAUC" failures="0" tests="3" name="com.google.pac.TC0018_DataDriven_PageFactory" time="39.033" errors="0" timestamp="2023-08-24T10:49:12 IST" skipped="0">
  <testcase classname="com.google.pac.TC0018_DataDriven_PageFactory" name="login" time="11.505"/>
  <testcase classname="com.google.pac.TC0018_DataDriven_PageFactory" name="login" time="12.092"/>
  <testcase classname="com.google.pac.TC0018_DataDriven_PageFactory" name="login" time="15.436"/>
</testsuite> <!-- com.google.pac.TC0018_DataDriven_PageFactory -->
